<?xml version="1.0" encoding="UTF-8"?>
<testsuites name="1. Create Man Power" time="34.842" tests="1" failures="0" errors="0">
   <testsuite name="1. Create Man Power" tests="1" failures="0" errors="0" time="34.842" skipped="0" timestamp="2023-08-09 11:06:14" hostname="SHP - 10.171.86.141" id="Test Suites/Man Power/1. Create Man Power">
      <properties>
         <property name="deviceName" value=""/>
         <property name="devicePlatform" value=""/>
         <property name="logFolder" value="D:\\Kalbe-Nutritionals\\poa-frontend-automation\\Reports\\20230809_110610\\Man Power\\1. Create Man Power\\20230809_110611"/>
         <property name="logFiles" value="D:\\Kalbe-Nutritionals\\poa-frontend-automation\\Reports\\20230809_110610\\Man Power\\1. Create Man Power\\20230809_110611\\execution0.log"/>
         <property name="attachments" value="D:\\Kalbe-Nutritionals\\poa-frontend-automation\\Reports\\20230809_110610\\Man Power\\1. Create Man Power\\20230809_110611\\1691553990966.png, D:\\Kalbe-Nutritionals\\poa-frontend-automation\\Reports\\20230809_110610\\Man Power\\1. Create Man Power\\20230809_110611\\1691553997103.png, D:\\Kalbe-Nutritionals\\poa-frontend-automation\\Reports\\20230809_110610\\Man Power\\1. Create Man Power\\20230809_110611\\1691554008261.png"/>
         <property name="hostName" value="SHP - 10.171.86.141"/>
         <property name="os" value="Windows 10 64bit"/>
         <property name="katalonVersion" value="8.6.5.208"/>
         <property name="browser" value="Chrome 115.0.0.0"/>
         <property name="hostAddress" value="10.171.86.141"/>
         <property name="sessionId" value="8056ac6c0f9fc9c88ff4ee8809340efc"/>
         <property name="seleniumVersion" value="3.141.59"/>
         <property name="proxyInformation" value="ProxyInformation { proxyOption=NO_PROXY, proxyServerType=HTTP, username=, password=********, proxyServerAddress=, proxyServerPort=0, executionList=&quot;&quot;, isApplyToDesiredCapabilities=true }"/>
         <property name="platform" value="Windows 10"/>
      </properties>
      <testcase name="Test Cases/4. Man Power/4. Man Power List/4.1 Mengakses halaman ManPower List seharusnya data berhasil tampil" time="34.368" classname="Test Cases/4. Man Power/4. Man Power List/4.1 Mengakses halaman ManPower List seharusnya data berhasil tampil" status="PASSED">
         <system-out><![CDATA[2023-08-09 11:06:15 - [TEST_CASE][PASSED] - Test Cases/4. Man Power/4. Man Power List/4.1 Mengakses halaman ManPower List seharusnya data berhasil tampil: Test Cases/4. Man Power/4. Man Power List/4.1 Mengakses halaman ManPower List seharusnya data berhasil tampil

2023-08-09 11:06:15 - [TEST_STEP][PASSED] - openBrowser(""): Browser is opened with url: ''

2023-08-09 11:06:16 - [MESSAGE][INFO] - Starting 'Chrome' driver

2023-08-09 11:06:16 - [MESSAGE][INFO] - Action delay is set to 0 milliseconds

2023-08-09 11:06:19 - [MESSAGE][PASSED] - Browser is opened with url: ''

2023-08-09 11:06:19 - [TEST_STEP][PASSED] - navigateToUrl(url): Navigate to 'https://newprmdev.kalbenutritionals.web.id/' successfully

2023-08-09 11:06:25 - [MESSAGE][PASSED] - Navigate to 'https://newprmdev.kalbenutritionals.web.id/' successfully

2023-08-09 11:06:25 - [TEST_STEP][PASSED] - maximizeWindow(): Current window maximized

2023-08-09 11:06:25 - [MESSAGE][PASSED] - Current window maximized

2023-08-09 11:06:25 - [TEST_STEP][PASSED] - click(findTestObject("Login/a_Login")): Object: 'Object Repository/Login/a_Login' is clicked on

2023-08-09 11:06:27 - [MESSAGE][PASSED] - Object: 'Object Repository/Login/a_Login' is clicked on

2023-08-09 11:06:27 - [TEST_STEP][PASSED] - delay(3): Delayed 3 second(s)

2023-08-09 11:06:30 - [MESSAGE][PASSED] - Delayed 3 second(s)

2023-08-09 11:06:30 - [TEST_STEP][PASSED] - takeScreenshot(): Taking screenshot successfully

2023-08-09 11:06:31 - [MESSAGE][PASSED] - Taking screenshot successfully
[[ATTACHMENT|D:\\Kalbe-Nutritionals\\poa-frontend-automation\\Reports\\20230809_110610\\Man Power\\1. Create Man Power\\20230809_110611\\1691553990966.png]]

2023-08-09 11:06:31 - [TEST_STEP][PASSED] - setText(findTestObject("Login/input_UserName"), Username): Text 'IDHAM.NURDIANSYAH' is set on object 'Object Repository/Login/input_UserName'

2023-08-09 11:06:32 - [MESSAGE][PASSED] - Text 'IDHAM.NURDIANSYAH' is set on object 'Object Repository/Login/input_UserName'

2023-08-09 11:06:32 - [TEST_STEP][PASSED] - setText(findTestObject("Login/input_Password"), Password): Text 'a' is set on object 'Object Repository/Login/input_Password'

2023-08-09 11:06:32 - [MESSAGE][PASSED] - Text 'a' is set on object 'Object Repository/Login/input_Password'

2023-08-09 11:06:32 - [TEST_STEP][PASSED] - setText(findTestObject("Login/input_Captcha"), "aa"): Text 'aa' is set on object 'Object Repository/Login/input_Captcha'

2023-08-09 11:06:33 - [MESSAGE][PASSED] - Text 'aa' is set on object 'Object Repository/Login/input_Captcha'

2023-08-09 11:06:33 - [TEST_STEP][PASSED] - delay(3): Delayed 3 second(s)

2023-08-09 11:06:36 - [MESSAGE][PASSED] - Delayed 3 second(s)

2023-08-09 11:06:36 - [TEST_STEP][PASSED] - takeScreenshot(): Taking screenshot successfully

2023-08-09 11:06:37 - [MESSAGE][PASSED] - Taking screenshot successfully
[[ATTACHMENT|D:\\Kalbe-Nutritionals\\poa-frontend-automation\\Reports\\20230809_110610\\Man Power\\1. Create Man Power\\20230809_110611\\1691553997103.png]]

2023-08-09 11:06:37 - [TEST_STEP][PASSED] - click(findTestObject("Login/button_Log In")): Object: 'Object Repository/Login/button_Log In' is clicked on

2023-08-09 11:06:39 - [MESSAGE][PASSED] - Object: 'Object Repository/Login/button_Log In' is clicked on

2023-08-09 11:06:39 - [TEST_STEP][PASSED] - delay(3): Delayed 3 second(s)

2023-08-09 11:06:42 - [MESSAGE][PASSED] - Delayed 3 second(s)

2023-08-09 11:06:42 - [TEST_STEP][PASSED] - navigateToUrl("https://newprmdev.kalbenutritionals.web.id/PromoOnline/ManPower"): Navigate to 'https://newprmdev.kalbenutritionals.web.id/PromoOnline/ManPower' successfully

2023-08-09 11:06:43 - [MESSAGE][PASSED] - Navigate to 'https://newprmdev.kalbenutritionals.web.id/PromoOnline/ManPower' successfully

2023-08-09 11:06:43 - [TEST_STEP][NOT_RUN] - click(findTestObject("Ready to Pay/Maximize")): NOT_RUN: click(findTestObject("Ready to Pay/Maximize"))

2023-08-09 11:06:43 - [MESSAGE][NOT_RUN] - NOT_RUN: click(findTestObject("Ready to Pay/Maximize"))

2023-08-09 11:06:43 - [TEST_STEP][PASSED] - delay(3): Delayed 3 second(s)

2023-08-09 11:06:46 - [MESSAGE][PASSED] - Delayed 3 second(s)

2023-08-09 11:06:46 - [TEST_STEP][PASSED] - takeScreenshot(): Taking screenshot successfully

2023-08-09 11:06:48 - [MESSAGE][PASSED] - Taking screenshot successfully
[[ATTACHMENT|D:\\Kalbe-Nutritionals\\poa-frontend-automation\\Reports\\20230809_110610\\Man Power\\1. Create Man Power\\20230809_110611\\1691554008261.png]]

2023-08-09 11:06:48 - [TEST_STEP][PASSED] - verifyElementPresent(findTestObject("Man Power/Man Power List/a_List Form RFP"), 3): Object 'Object Repository/Man Power/Man Power List/a_List Form RFP' is present

2023-08-09 11:06:48 - [MESSAGE][PASSED] - Object 'Object Repository/Man Power/Man Power List/a_List Form RFP' is present

2023-08-09 11:06:48 - [TEST_STEP][PASSED] - closeBrowser(): Browser is closed

2023-08-09 11:06:49 - [MESSAGE][PASSED] - Browser is closed]]></system-out>
         <system-err><![CDATA[]]></system-err>
      </testcase>
      <system-out><![CDATA[2023-08-09 11:06:14 - [TEST_SUITE][PASSED] - 1. Create Man Power: Test Cases/4. Man Power/4. Man Power List/4.1 Mengakses halaman ManPower List seharusnya data berhasil tampil]]></system-out>
      <system-err><![CDATA[]]></system-err>
   </testsuite>
</testsuites>
